Reading maps
Processing maps
Graph has 2223778 nodes, 30 focal nodes and 1 components.
Solving focal node 1 of 29
Solving focal node 2 of 29
Solving focal node 3 of 29
Solving focal node 4 of 29
Solving focal node 5 of 29
Solving focal node 6 of 29
Solving focal node 7 of 29
Solving focal node 8 of 29
Solving focal node 9 of 29
Solving focal node 10 of 29
Solving focal node 11 of 29
Solving focal node 12 of 29
Solving focal node 13 of 29
Solving focal node 14 of 29
Solving focal node 15 of 29
Solving focal node 16 of 29
Solving focal node 17 of 29
Solving focal node 18 of 29
Solving focal node 19 of 29
Solving focal node 20 of 29
Solving focal node 21 of 29
Solving focal node 22 of 29
Solving focal node 23 of 29
Solving focal node 24 of 29
Solving focal node 25 of 29
Solving focal node 26 of 29
Solving focal node 27 of 29
Solving focal node 28 of 29
Solving focal node 29 of 29
Job took 2 minutes 54 seconds to complete.
